<?xml version="1.0" encoding="UTF-8"?>
<!-- Generated by org.testng.reporters.JUnitReportReporter -->
<testsuite hostname="GLB-D2002" name="automation.test.ImportAssetsTest" tests="1" failures="0" timestamp="6 May 2015 19:29:51 GMT" time="40.552" errors="0">
  <testcase name="importAssets" time="40.552" classname="automation.test.ImportAssetsTest"/>
</testsuite> <!-- automation.test.ImportAssetsTest -->
