<?xml version="1.0" encoding="UTF-8"?>
<!-- Generated by org.testng.reporters.JUnitReportReporter -->
<testsuite hostname="GLB-D2002" name="automation.test.ImportAssestsTest" tests="1" failures="0" timestamp="6 May 2015 18:40:11 GMT" time="38.161" errors="0">
  <testcase name="importAssests" time="38.161" classname="automation.test.ImportAssestsTest"/>
</testsuite> <!-- automation.test.ImportAssestsTest -->
